<?xml version="1.0" encoding="UTF-8"?>
<!-- Generated by org.testng.reporters.JUnitReportReporter -->
<testsuite skipped="0" hostname="IN45209329W1" name="com.qa.test.GetAPITest" tests="2" failures="0" timestamp="22 Oct 2018 18:49:59 GMT" time="2.952" errors="0">
  <testcase name="getTest" time="1.893" classname="com.qa.test.GetAPITest"/>
  <testcase name="getAPITestwithheader" time="1.059" classname="com.qa.test.GetAPITest"/>
</testsuite> <!-- com.qa.test.GetAPITest -->
